<?xml version="1.0" encoding="UTF-8"?>
<!-- Generated by org.testng.reporters.JUnitXMLReporter -->
<testsuite ignored="0" hostname="Karthiks-MacBook-Pro.local" failures="0" tests="5" name="passengers-count-4" time="0.011" errors="0" timestamp="2023-10-05T14:39:50 IST">
  <testcase classname="com.sample.tests.flightreservation.FlightReservationTest" name="userRegistrationTest" time="0.0">
    <skipped/>
  </testcase> <!-- userRegistrationTest -->
  <testcase classname="com.sample.tests.flightreservation.FlightReservationTest" name="registrationConfirmationTest" time="0.0">
    <skipped/>
  </testcase> <!-- registrationConfirmationTest -->
  <testcase classname="com.sample.tests.flightreservation.FlightReservationTest" name="flightsSearchTest" time="0.0">
    <skipped/>
  </testcase> <!-- flightsSearchTest -->
  <testcase classname="com.sample.tests.flightreservation.FlightReservationTest" name="flightsSelectionTest" time="0.0">
    <skipped/>
  </testcase> <!-- flightsSelectionTest -->
  <testcase classname="com.sample.tests.flightreservation.FlightReservationTest" name="flightReservationConfirmationTest" time="0.0">
    <skipped/>
  </testcase> <!-- flightReservationConfirmationTest -->
</testsuite> <!-- passengers-count-4 -->
