<?xml version="1.0" encoding="UTF-8"?>
<!-- Generated by org.testng.reporters.JUnitXMLReporter -->
<testsuite ignored="0" hostname="Karthiks-MacBook-Pro.local" failures="0" tests="3" name="user-john" time="10.724" errors="0" timestamp="2023-10-05T11:37:45 IST">
  <testcase classname="com.sample.tests.vendorportal.VendorPortalTest" name="loginTest" time="2.049"/>
  <testcase classname="com.sample.tests.vendorportal.VendorPortalTest" name="dashboardTest" time="3.177"/>
  <testcase classname="com.sample.tests.vendorportal.VendorPortalTest" name="logoutTest" time="1.22"/>
</testsuite> <!-- user-john -->
