<?xml version="1.0" encoding="UTF-8"?>
<!-- Generated by org.testng.reporters.JUnitXMLReporter -->
<testsuite ignored="0" hostname="Karthiks-MacBook-Pro.local" failures="0" tests="3" name="user-mike" time="9.182" errors="0" timestamp="2023-10-05T11:37:43 IST">
  <testcase classname="com.sample.tests.vendorportal.VendorPortalTest" name="loginTest" time="2.134"/>
  <testcase classname="com.sample.tests.vendorportal.VendorPortalTest" name="dashboardTest" time="1.576"/>
  <testcase classname="com.sample.tests.vendorportal.VendorPortalTest" name="logoutTest" time="1.214"/>
</testsuite> <!-- user-mike -->
