<?xml version="1.0" encoding="UTF-8"?>
<!-- Generated by org.testng.reporters.JUnitXMLReporter -->
<testsuite ignored="0" hostname="Karthiks-MacBook-Pro.local" failures="0" tests="3" name="user-john" time="0.396" errors="0" timestamp="2023-10-05T14:39:50 IST">
  <testcase classname="com.sample.tests.vendorportal.VendorPortalTest" name="loginTest" time="0.0">
    <skipped/>
  </testcase> <!-- loginTest -->
  <testcase classname="com.sample.tests.vendorportal.VendorPortalTest" name="dashboardTest" time="0.0">
    <skipped/>
  </testcase> <!-- dashboardTest -->
  <testcase classname="com.sample.tests.vendorportal.VendorPortalTest" name="logoutTest" time="0.0">
    <skipped/>
  </testcase> <!-- logoutTest -->
</testsuite> <!-- user-john -->
