<?xml version="1.0" encoding="UTF-8"?>
<testng-results ignored="0" total="9" passed="9" failed="0" skipped="0">
  <reporter-output>
  </reporter-output>
  <suite started-at="2023-10-07T18:14:03 GMT" name="vendor-portal" finished-at="2023-10-07T18:14:13 GMT" duration-ms="9729">
    <groups>
    </groups>
    <test started-at="2023-10-07T18:14:03 GMT" name="user-sam" finished-at="2023-10-07T18:14:08 GMT" duration-ms="5288">
      <class name="com.sample.tests.vendorportal.VendorPortalTest">
        <test-method is-config="true" signature="setDriver(org.testng.ITestContext)[pri:0, instance:com.sample.tests.vendorportal.VendorPortalTest@29a5f4e7]" started-at="2023-10-07T18:14:03 GMT" name="setDriver" finished-at="2023-10-07T18:14:04 GMT" duration-ms="1171" status="PASS">
          <params>
            <param index="0">
              <value>
                <![CDATA[org.testng.TestRunner@b4711e2]]>
              </value>
            </param>
          </params>
          <reporter-output>
          </reporter-output>
        </test-method> <!-- setDriver -->
        <test-method is-config="true" signature="setPageObjects(java.lang.String)[pri:0, instance:com.sample.tests.vendorportal.VendorPortalTest@29a5f4e7]" started-at="2023-10-07T18:14:04 GMT" name="setPageObjects" finished-at="2023-10-07T18:14:04 GMT" depends-on-methods="com.sample.tests.AbstractTest.setDriver" duration-ms="104" status="PASS">
          <params>
            <param index="0">
              <value>
                <![CDATA[test-data/vendor-portal/sam.json]]>
              </value>
            </param>
          </params>
          <reporter-output>
          </reporter-output>
        </test-method> <!-- setPageObjects -->
        <test-method signature="loginTest()[pri:0, instance:com.sample.tests.vendorportal.VendorPortalTest@29a5f4e7]" started-at="2023-10-07T18:14:04 GMT" name="loginTest" finished-at="2023-10-07T18:14:05 GMT" duration-ms="809" status="PASS">
          <reporter-output>
          </reporter-output>
        </test-method> <!-- loginTest -->
        <test-method signature="dashboardTest()[pri:0, instance:com.sample.tests.vendorportal.VendorPortalTest@29a5f4e7]" started-at="2023-10-07T18:14:05 GMT" name="dashboardTest" finished-at="2023-10-07T18:14:07 GMT" depends-on-methods="com.sample.tests.vendorportal.VendorPortalTest.loginTest" duration-ms="1569" status="PASS">
          <reporter-output>
          </reporter-output>
        </test-method> <!-- dashboardTest -->
        <test-method signature="logoutTest()[pri:0, instance:com.sample.tests.vendorportal.VendorPortalTest@29a5f4e7]" started-at="2023-10-07T18:14:07 GMT" name="logoutTest" finished-at="2023-10-07T18:14:08 GMT" depends-on-methods="com.sample.tests.vendorportal.VendorPortalTest.dashboardTest" duration-ms="1528" status="PASS">
          <reporter-output>
          </reporter-output>
        </test-method> <!-- logoutTest -->
        <test-method is-config="true" signature="quitDriver()[pri:0, instance:com.sample.tests.vendorportal.VendorPortalTest@29a5f4e7]" started-at="2023-10-07T18:14:08 GMT" name="quitDriver" finished-at="2023-10-07T18:14:08 GMT" duration-ms="92" status="PASS">
          <reporter-output>
          </reporter-output>
        </test-method> <!-- quitDriver -->
      </class> <!-- com.sample.tests.vendorportal.VendorPortalTest -->
    </test> <!-- user-sam -->
    <test started-at="2023-10-07T18:14:03 GMT" name="user-mike" finished-at="2023-10-07T18:14:08 GMT" duration-ms="5297">
      <class name="com.sample.tests.vendorportal.VendorPortalTest">
        <test-method is-config="true" signature="setDriver(org.testng.ITestContext)[pri:0, instance:com.sample.tests.vendorportal.VendorPortalTest@28d18df5]" started-at="2023-10-07T18:14:03 GMT" name="setDriver" finished-at="2023-10-07T18:14:04 GMT" duration-ms="1165" status="PASS">
          <params>
            <param index="0">
              <value>
                <![CDATA[org.testng.TestRunner@1fa1cab1]]>
              </value>
            </param>
          </params>
          <reporter-output>
          </reporter-output>
        </test-method> <!-- setDriver -->
        <test-method is-config="true" signature="setPageObjects(java.lang.String)[pri:0, instance:com.sample.tests.vendorportal.VendorPortalTest@28d18df5]" started-at="2023-10-07T18:14:04 GMT" name="setPageObjects" finished-at="2023-10-07T18:14:04 GMT" depends-on-methods="com.sample.tests.AbstractTest.setDriver" duration-ms="104" status="PASS">
          <params>
            <param index="0">
              <value>
                <![CDATA[test-data/vendor-portal/mike.json]]>
              </value>
            </param>
          </params>
          <reporter-output>
          </reporter-output>
        </test-method> <!-- setPageObjects -->
        <test-method signature="loginTest()[pri:0, instance:com.sample.tests.vendorportal.VendorPortalTest@28d18df5]" started-at="2023-10-07T18:14:04 GMT" name="loginTest" finished-at="2023-10-07T18:14:05 GMT" duration-ms="814" status="PASS">
          <reporter-output>
          </reporter-output>
        </test-method> <!-- loginTest -->
        <test-method signature="dashboardTest()[pri:0, instance:com.sample.tests.vendorportal.VendorPortalTest@28d18df5]" started-at="2023-10-07T18:14:05 GMT" name="dashboardTest" finished-at="2023-10-07T18:14:07 GMT" depends-on-methods="com.sample.tests.vendorportal.VendorPortalTest.loginTest" duration-ms="1602" status="PASS">
          <reporter-output>
          </reporter-output>
        </test-method> <!-- dashboardTest -->
        <test-method signature="logoutTest()[pri:0, instance:com.sample.tests.vendorportal.VendorPortalTest@28d18df5]" started-at="2023-10-07T18:14:07 GMT" name="logoutTest" finished-at="2023-10-07T18:14:08 GMT" depends-on-methods="com.sample.tests.vendorportal.VendorPortalTest.dashboardTest" duration-ms="1485" status="PASS">
          <reporter-output>
          </reporter-output>
        </test-method> <!-- logoutTest -->
        <test-method is-config="true" signature="quitDriver()[pri:0, instance:com.sample.tests.vendorportal.VendorPortalTest@28d18df5]" started-at="2023-10-07T18:14:08 GMT" name="quitDriver" finished-at="2023-10-07T18:14:08 GMT" duration-ms="109" status="PASS">
          <reporter-output>
          </reporter-output>
        </test-method> <!-- quitDriver -->
      </class> <!-- com.sample.tests.vendorportal.VendorPortalTest -->
    </test> <!-- user-mike -->
    <test started-at="2023-10-07T18:14:08 GMT" name="user-john" finished-at="2023-10-07T18:14:13 GMT" duration-ms="4425">
      <class name="com.sample.tests.vendorportal.VendorPortalTest">
        <test-method is-config="true" signature="setupConfig()[pri:0, instance:com.sample.tests.vendorportal.VendorPortalTest@55cf0d14]" started-at="2023-10-07T18:14:03 GMT" name="setupConfig" finished-at="2023-10-07T18:14:03 GMT" duration-ms="5" status="PASS">
          <reporter-output>
          </reporter-output>
        </test-method> <!-- setupConfig -->
        <test-method is-config="true" signature="setDriver(org.testng.ITestContext)[pri:0, instance:com.sample.tests.vendorportal.VendorPortalTest@55cf0d14]" started-at="2023-10-07T18:14:08 GMT" name="setDriver" finished-at="2023-10-07T18:14:09 GMT" duration-ms="648" status="PASS">
          <params>
            <param index="0">
              <value>
                <![CDATA[org.testng.TestRunner@70f02c32]]>
              </value>
            </param>
          </params>
          <reporter-output>
          </reporter-output>
        </test-method> <!-- setDriver -->
        <test-method is-config="true" signature="setPageObjects(java.lang.String)[pri:0, instance:com.sample.tests.vendorportal.VendorPortalTest@55cf0d14]" started-at="2023-10-07T18:14:09 GMT" name="setPageObjects" finished-at="2023-10-07T18:14:09 GMT" depends-on-methods="com.sample.tests.AbstractTest.setDriver" duration-ms="1" status="PASS">
          <params>
            <param index="0">
              <value>
                <![CDATA[test-data/vendor-portal/john.json]]>
              </value>
            </param>
          </params>
          <reporter-output>
          </reporter-output>
        </test-method> <!-- setPageObjects -->
        <test-method signature="loginTest()[pri:0, instance:com.sample.tests.vendorportal.VendorPortalTest@55cf0d14]" started-at="2023-10-07T18:14:09 GMT" name="loginTest" finished-at="2023-10-07T18:14:09 GMT" duration-ms="679" status="PASS">
          <reporter-output>
          </reporter-output>
        </test-method> <!-- loginTest -->
        <test-method signature="dashboardTest()[pri:0, instance:com.sample.tests.vendorportal.VendorPortalTest@55cf0d14]" started-at="2023-10-07T18:14:09 GMT" name="dashboardTest" finished-at="2023-10-07T18:14:11 GMT" depends-on-methods="com.sample.tests.vendorportal.VendorPortalTest.loginTest" duration-ms="1529" status="PASS">
          <reporter-output>
          </reporter-output>
        </test-method> <!-- dashboardTest -->
        <test-method signature="logoutTest()[pri:0, instance:com.sample.tests.vendorportal.VendorPortalTest@55cf0d14]" started-at="2023-10-07T18:14:11 GMT" name="logoutTest" finished-at="2023-10-07T18:14:12 GMT" depends-on-methods="com.sample.tests.vendorportal.VendorPortalTest.dashboardTest" duration-ms="1458" status="PASS">
          <reporter-output>
          </reporter-output>
        </test-method> <!-- logoutTest -->
        <test-method is-config="true" signature="quitDriver()[pri:0, instance:com.sample.tests.vendorportal.VendorPortalTest@55cf0d14]" started-at="2023-10-07T18:14:12 GMT" name="quitDriver" finished-at="2023-10-07T18:14:13 GMT" duration-ms="91" status="PASS">
          <reporter-output>
          </reporter-output>
        </test-method> <!-- quitDriver -->
      </class> <!-- com.sample.tests.vendorportal.VendorPortalTest -->
    </test> <!-- user-john -->
  </suite> <!-- vendor-portal -->
</testng-results>
