<?xml version="1.0" encoding="UTF-8"?>
<testng-results ignored="0" total="9" passed="9" failed="0" skipped="0">
  <reporter-output>
  </reporter-output>
  <suite started-at="2023-10-05T09:32:22 GMT" name="vendor-portal" finished-at="2023-10-05T09:32:37 GMT" duration-ms="15191">
    <groups>
    </groups>
    <test started-at="2023-10-05T09:32:22 GMT" name="user-mike" finished-at="2023-10-05T09:32:32 GMT" duration-ms="9647">
      <class name="com.sample.tests.vendorportal.VendorPortalTest">
        <test-method is-config="true" signature="setDriver(org.testng.ITestContext)[pri:0, instance:com.sample.tests.vendorportal.VendorPortalTest@28d18df5]" started-at="2023-10-05T09:32:22 GMT" name="setDriver" finished-at="2023-10-05T09:32:23 GMT" duration-ms="1216" status="PASS">
          <params>
            <param index="0">
              <value>
                <![CDATA[org.testng.TestRunner@62010f5c]]>
              </value>
            </param>
          </params>
          <reporter-output>
          </reporter-output>
        </test-method> <!-- setDriver -->
        <test-method is-config="true" signature="setPageObjects(java.lang.String)[pri:0, instance:com.sample.tests.vendorportal.VendorPortalTest@28d18df5]" started-at="2023-10-05T09:32:23 GMT" name="setPageObjects" finished-at="2023-10-05T09:32:23 GMT" depends-on-methods="com.sample.tests.AbstractTest.setDriver" duration-ms="128" status="PASS">
          <params>
            <param index="0">
              <value>
                <![CDATA[test-data/vendor-portal/mike.json]]>
              </value>
            </param>
          </params>
          <reporter-output>
          </reporter-output>
        </test-method> <!-- setPageObjects -->
        <test-method signature="loginTest()[pri:0, instance:com.sample.tests.vendorportal.VendorPortalTest@28d18df5]" started-at="2023-10-05T09:32:23 GMT" name="loginTest" finished-at="2023-10-05T09:32:27 GMT" duration-ms="4053" status="PASS">
          <reporter-output>
          </reporter-output>
        </test-method> <!-- loginTest -->
        <test-method signature="dashboardTest()[pri:0, instance:com.sample.tests.vendorportal.VendorPortalTest@28d18df5]" started-at="2023-10-05T09:32:27 GMT" name="dashboardTest" finished-at="2023-10-05T09:32:30 GMT" depends-on-methods="com.sample.tests.vendorportal.VendorPortalTest.loginTest" duration-ms="2723" status="PASS">
          <reporter-output>
          </reporter-output>
        </test-method> <!-- dashboardTest -->
        <test-method signature="logoutTest()[pri:0, instance:com.sample.tests.vendorportal.VendorPortalTest@28d18df5]" started-at="2023-10-05T09:32:30 GMT" name="logoutTest" finished-at="2023-10-05T09:32:32 GMT" depends-on-methods="com.sample.tests.vendorportal.VendorPortalTest.dashboardTest" duration-ms="1421" status="PASS">
          <reporter-output>
          </reporter-output>
        </test-method> <!-- logoutTest -->
        <test-method is-config="true" signature="quitDriver()[pri:0, instance:com.sample.tests.vendorportal.VendorPortalTest@28d18df5]" started-at="2023-10-05T09:32:32 GMT" name="quitDriver" finished-at="2023-10-05T09:32:32 GMT" duration-ms="88" status="PASS">
          <reporter-output>
          </reporter-output>
        </test-method> <!-- quitDriver -->
      </class> <!-- com.sample.tests.vendorportal.VendorPortalTest -->
    </test> <!-- user-mike -->
    <test started-at="2023-10-05T09:32:22 GMT" name="user-sam" finished-at="2023-10-05T09:32:32 GMT" duration-ms="10166">
      <class name="com.sample.tests.vendorportal.VendorPortalTest">
        <test-method is-config="true" signature="setDriver(org.testng.ITestContext)[pri:0, instance:com.sample.tests.vendorportal.VendorPortalTest@52e7a6b2]" started-at="2023-10-05T09:32:22 GMT" name="setDriver" finished-at="2023-10-05T09:32:23 GMT" duration-ms="1219" status="PASS">
          <params>
            <param index="0">
              <value>
                <![CDATA[org.testng.TestRunner@70f02c32]]>
              </value>
            </param>
          </params>
          <reporter-output>
          </reporter-output>
        </test-method> <!-- setDriver -->
        <test-method is-config="true" signature="setPageObjects(java.lang.String)[pri:0, instance:com.sample.tests.vendorportal.VendorPortalTest@52e7a6b2]" started-at="2023-10-05T09:32:23 GMT" name="setPageObjects" finished-at="2023-10-05T09:32:23 GMT" depends-on-methods="com.sample.tests.AbstractTest.setDriver" duration-ms="128" status="PASS">
          <params>
            <param index="0">
              <value>
                <![CDATA[test-data/vendor-portal/sam.json]]>
              </value>
            </param>
          </params>
          <reporter-output>
          </reporter-output>
        </test-method> <!-- setPageObjects -->
        <test-method signature="loginTest()[pri:0, instance:com.sample.tests.vendorportal.VendorPortalTest@52e7a6b2]" started-at="2023-10-05T09:32:23 GMT" name="loginTest" finished-at="2023-10-05T09:32:27 GMT" duration-ms="4037" status="PASS">
          <reporter-output>
          </reporter-output>
        </test-method> <!-- loginTest -->
        <test-method signature="dashboardTest()[pri:0, instance:com.sample.tests.vendorportal.VendorPortalTest@52e7a6b2]" started-at="2023-10-05T09:32:27 GMT" name="dashboardTest" finished-at="2023-10-05T09:32:31 GMT" depends-on-methods="com.sample.tests.vendorportal.VendorPortalTest.loginTest" duration-ms="3193" status="PASS">
          <reporter-output>
          </reporter-output>
        </test-method> <!-- dashboardTest -->
        <test-method signature="logoutTest()[pri:0, instance:com.sample.tests.vendorportal.VendorPortalTest@52e7a6b2]" started-at="2023-10-05T09:32:31 GMT" name="logoutTest" finished-at="2023-10-05T09:32:32 GMT" depends-on-methods="com.sample.tests.vendorportal.VendorPortalTest.dashboardTest" duration-ms="1459" status="PASS">
          <reporter-output>
          </reporter-output>
        </test-method> <!-- logoutTest -->
        <test-method is-config="true" signature="quitDriver()[pri:0, instance:com.sample.tests.vendorportal.VendorPortalTest@52e7a6b2]" started-at="2023-10-05T09:32:32 GMT" name="quitDriver" finished-at="2023-10-05T09:32:32 GMT" duration-ms="112" status="PASS">
          <reporter-output>
          </reporter-output>
        </test-method> <!-- quitDriver -->
      </class> <!-- com.sample.tests.vendorportal.VendorPortalTest -->
    </test> <!-- user-sam -->
    <test started-at="2023-10-05T09:32:32 GMT" name="user-john" finished-at="2023-10-05T09:32:37 GMT" duration-ms="5532">
      <class name="com.sample.tests.vendorportal.VendorPortalTest">
        <test-method is-config="true" signature="setupConfig()[pri:0, instance:com.sample.tests.vendorportal.VendorPortalTest@55cf0d14]" started-at="2023-10-05T09:32:22 GMT" name="setupConfig" finished-at="2023-10-05T09:32:22 GMT" duration-ms="7" status="PASS">
          <reporter-output>
          </reporter-output>
        </test-method> <!-- setupConfig -->
        <test-method is-config="true" signature="setDriver(org.testng.ITestContext)[pri:0, instance:com.sample.tests.vendorportal.VendorPortalTest@55cf0d14]" started-at="2023-10-05T09:32:32 GMT" name="setDriver" finished-at="2023-10-05T09:32:32 GMT" duration-ms="570" status="PASS">
          <params>
            <param index="0">
              <value>
                <![CDATA[org.testng.TestRunner@51fadaff]]>
              </value>
            </param>
          </params>
          <reporter-output>
          </reporter-output>
        </test-method> <!-- setDriver -->
        <test-method is-config="true" signature="setPageObjects(java.lang.String)[pri:0, instance:com.sample.tests.vendorportal.VendorPortalTest@55cf0d14]" started-at="2023-10-05T09:32:32 GMT" name="setPageObjects" finished-at="2023-10-05T09:32:32 GMT" depends-on-methods="com.sample.tests.AbstractTest.setDriver" duration-ms="1" status="PASS">
          <params>
            <param index="0">
              <value>
                <![CDATA[test-data/vendor-portal/john.json]]>
              </value>
            </param>
          </params>
          <reporter-output>
          </reporter-output>
        </test-method> <!-- setPageObjects -->
        <test-method signature="loginTest()[pri:0, instance:com.sample.tests.vendorportal.VendorPortalTest@55cf0d14]" started-at="2023-10-05T09:32:32 GMT" name="loginTest" finished-at="2023-10-05T09:32:33 GMT" duration-ms="743" status="PASS">
          <reporter-output>
          </reporter-output>
        </test-method> <!-- loginTest -->
        <test-method signature="dashboardTest()[pri:0, instance:com.sample.tests.vendorportal.VendorPortalTest@55cf0d14]" started-at="2023-10-05T09:32:33 GMT" name="dashboardTest" finished-at="2023-10-05T09:32:36 GMT" depends-on-methods="com.sample.tests.vendorportal.VendorPortalTest.loginTest" duration-ms="2672" status="PASS">
          <reporter-output>
          </reporter-output>
        </test-method> <!-- dashboardTest -->
        <test-method signature="logoutTest()[pri:0, instance:com.sample.tests.vendorportal.VendorPortalTest@55cf0d14]" started-at="2023-10-05T09:32:36 GMT" name="logoutTest" finished-at="2023-10-05T09:32:37 GMT" depends-on-methods="com.sample.tests.vendorportal.VendorPortalTest.dashboardTest" duration-ms="1466" status="PASS">
          <reporter-output>
          </reporter-output>
        </test-method> <!-- logoutTest -->
        <test-method is-config="true" signature="quitDriver()[pri:0, instance:com.sample.tests.vendorportal.VendorPortalTest@55cf0d14]" started-at="2023-10-05T09:32:37 GMT" name="quitDriver" finished-at="2023-10-05T09:32:37 GMT" duration-ms="79" status="PASS">
          <reporter-output>
          </reporter-output>
        </test-method> <!-- quitDriver -->
      </class> <!-- com.sample.tests.vendorportal.VendorPortalTest -->
    </test> <!-- user-john -->
  </suite> <!-- vendor-portal -->
</testng-results>
