<?xml version="1.0" encoding="UTF-8"?>
<testng-results ignored="0" total="9" passed="9" failed="0" skipped="0">
  <reporter-output>
  </reporter-output>
  <suite started-at="2023-10-05T11:37:34 IST" name="vendor-portal" finished-at="2023-10-05T11:37:45 IST" duration-ms="10724">
    <groups>
    </groups>
    <test started-at="2023-10-05T11:37:34 IST" name="user-mike" finished-at="2023-10-05T11:37:43 IST" duration-ms="9182">
      <class name="com.sample.tests.vendorportal.VendorPortalTest">
        <test-method is-config="true" signature="setDriver(org.testng.ITestContext)[pri:0, instance:com.sample.tests.vendorportal.VendorPortalTest@5403f35f]" started-at="2023-10-05T11:37:34 IST" name="setDriver" finished-at="2023-10-05T11:37:38 IST" duration-ms="4028" status="PASS">
          <params>
            <param index="0">
              <value>
                <![CDATA[org.testng.TestRunner@2cf3d63b]]>
              </value>
            </param>
          </params>
          <reporter-output>
          </reporter-output>
        </test-method> <!-- setDriver -->
        <test-method is-config="true" signature="setPageObjects(java.lang.String)[pri:0, instance:com.sample.tests.vendorportal.VendorPortalTest@5403f35f]" started-at="2023-10-05T11:37:38 IST" name="setPageObjects" finished-at="2023-10-05T11:37:38 IST" depends-on-methods="com.sample.tests.AbstractTest.setDriver" duration-ms="110" status="PASS">
          <params>
            <param index="0">
              <value>
                <![CDATA[test-data/vendor-portal/mike.json]]>
              </value>
            </param>
          </params>
          <reporter-output>
          </reporter-output>
        </test-method> <!-- setPageObjects -->
        <test-method signature="loginTest()[pri:0, instance:com.sample.tests.vendorportal.VendorPortalTest@5403f35f]" started-at="2023-10-05T11:37:38 IST" name="loginTest" finished-at="2023-10-05T11:37:40 IST" duration-ms="2134" status="PASS">
          <reporter-output>
          </reporter-output>
        </test-method> <!-- loginTest -->
        <test-method signature="dashboardTest()[pri:0, instance:com.sample.tests.vendorportal.VendorPortalTest@5403f35f]" started-at="2023-10-05T11:37:40 IST" name="dashboardTest" finished-at="2023-10-05T11:37:42 IST" depends-on-methods="com.sample.tests.vendorportal.VendorPortalTest.loginTest" duration-ms="1576" status="PASS">
          <reporter-output>
          </reporter-output>
        </test-method> <!-- dashboardTest -->
        <test-method signature="logoutTest()[pri:0, instance:com.sample.tests.vendorportal.VendorPortalTest@5403f35f]" started-at="2023-10-05T11:37:42 IST" name="logoutTest" finished-at="2023-10-05T11:37:43 IST" depends-on-methods="com.sample.tests.vendorportal.VendorPortalTest.dashboardTest" duration-ms="1214" status="PASS">
          <reporter-output>
          </reporter-output>
        </test-method> <!-- logoutTest -->
        <test-method is-config="true" signature="quitDriver()[pri:0, instance:com.sample.tests.vendorportal.VendorPortalTest@5403f35f]" started-at="2023-10-05T11:37:43 IST" name="quitDriver" finished-at="2023-10-05T11:37:43 IST" duration-ms="109" status="PASS">
          <reporter-output>
          </reporter-output>
        </test-method> <!-- quitDriver -->
      </class> <!-- com.sample.tests.vendorportal.VendorPortalTest -->
    </test> <!-- user-mike -->
    <test started-at="2023-10-05T11:37:34 IST" name="user-sam" finished-at="2023-10-05T11:37:44 IST" duration-ms="9792">
      <class name="com.sample.tests.vendorportal.VendorPortalTest">
        <test-method is-config="true" signature="setDriver(org.testng.ITestContext)[pri:0, instance:com.sample.tests.vendorportal.VendorPortalTest@51dcb805]" started-at="2023-10-05T11:37:34 IST" name="setDriver" finished-at="2023-10-05T11:37:38 IST" duration-ms="4028" status="PASS">
          <params>
            <param index="0">
              <value>
                <![CDATA[org.testng.TestRunner@470734c3]]>
              </value>
            </param>
          </params>
          <reporter-output>
          </reporter-output>
        </test-method> <!-- setDriver -->
        <test-method is-config="true" signature="setPageObjects(java.lang.String)[pri:0, instance:com.sample.tests.vendorportal.VendorPortalTest@51dcb805]" started-at="2023-10-05T11:37:38 IST" name="setPageObjects" finished-at="2023-10-05T11:37:38 IST" depends-on-methods="com.sample.tests.AbstractTest.setDriver" duration-ms="110" status="PASS">
          <params>
            <param index="0">
              <value>
                <![CDATA[test-data/vendor-portal/sam.json]]>
              </value>
            </param>
          </params>
          <reporter-output>
          </reporter-output>
        </test-method> <!-- setPageObjects -->
        <test-method signature="loginTest()[pri:0, instance:com.sample.tests.vendorportal.VendorPortalTest@51dcb805]" started-at="2023-10-05T11:37:38 IST" name="loginTest" finished-at="2023-10-05T11:37:40 IST" duration-ms="2275" status="PASS">
          <reporter-output>
          </reporter-output>
        </test-method> <!-- loginTest -->
        <test-method signature="dashboardTest()[pri:0, instance:com.sample.tests.vendorportal.VendorPortalTest@51dcb805]" started-at="2023-10-05T11:37:40 IST" name="dashboardTest" finished-at="2023-10-05T11:37:42 IST" depends-on-methods="com.sample.tests.vendorportal.VendorPortalTest.loginTest" duration-ms="2049" status="PASS">
          <reporter-output>
          </reporter-output>
        </test-method> <!-- dashboardTest -->
        <test-method signature="logoutTest()[pri:0, instance:com.sample.tests.vendorportal.VendorPortalTest@51dcb805]" started-at="2023-10-05T11:37:42 IST" name="logoutTest" finished-at="2023-10-05T11:37:44 IST" depends-on-methods="com.sample.tests.vendorportal.VendorPortalTest.dashboardTest" duration-ms="1196" status="PASS">
          <reporter-output>
          </reporter-output>
        </test-method> <!-- logoutTest -->
        <test-method is-config="true" signature="quitDriver()[pri:0, instance:com.sample.tests.vendorportal.VendorPortalTest@51dcb805]" started-at="2023-10-05T11:37:44 IST" name="quitDriver" finished-at="2023-10-05T11:37:44 IST" duration-ms="125" status="PASS">
          <reporter-output>
          </reporter-output>
        </test-method> <!-- quitDriver -->
      </class> <!-- com.sample.tests.vendorportal.VendorPortalTest -->
    </test> <!-- user-sam -->
    <test started-at="2023-10-05T11:37:34 IST" name="user-john" finished-at="2023-10-05T11:37:45 IST" duration-ms="10724">
      <class name="com.sample.tests.vendorportal.VendorPortalTest">
        <test-method is-config="true" signature="setupConfig()[pri:0, instance:com.sample.tests.vendorportal.VendorPortalTest@7e5afaa6]" started-at="2023-10-05T11:37:34 IST" name="setupConfig" finished-at="2023-10-05T11:37:34 IST" duration-ms="5" status="PASS">
          <reporter-output>
          </reporter-output>
        </test-method> <!-- setupConfig -->
        <test-method is-config="true" signature="setDriver(org.testng.ITestContext)[pri:0, instance:com.sample.tests.vendorportal.VendorPortalTest@7e5afaa6]" started-at="2023-10-05T11:37:34 IST" name="setDriver" finished-at="2023-10-05T11:37:38 IST" duration-ms="4028" status="PASS">
          <params>
            <param index="0">
              <value>
                <![CDATA[org.testng.TestRunner@7674f035]]>
              </value>
            </param>
          </params>
          <reporter-output>
          </reporter-output>
        </test-method> <!-- setDriver -->
        <test-method is-config="true" signature="setPageObjects(java.lang.String)[pri:0, instance:com.sample.tests.vendorportal.VendorPortalTest@7e5afaa6]" started-at="2023-10-05T11:37:38 IST" name="setPageObjects" finished-at="2023-10-05T11:37:38 IST" depends-on-methods="com.sample.tests.AbstractTest.setDriver" duration-ms="110" status="PASS">
          <params>
            <param index="0">
              <value>
                <![CDATA[test-data/vendor-portal/john.json]]>
              </value>
            </param>
          </params>
          <reporter-output>
          </reporter-output>
        </test-method> <!-- setPageObjects -->
        <test-method signature="loginTest()[pri:0, instance:com.sample.tests.vendorportal.VendorPortalTest@7e5afaa6]" started-at="2023-10-05T11:37:38 IST" name="loginTest" finished-at="2023-10-05T11:37:40 IST" duration-ms="2049" status="PASS">
          <reporter-output>
          </reporter-output>
        </test-method> <!-- loginTest -->
        <test-method signature="dashboardTest()[pri:0, instance:com.sample.tests.vendorportal.VendorPortalTest@7e5afaa6]" started-at="2023-10-05T11:37:40 IST" name="dashboardTest" finished-at="2023-10-05T11:37:43 IST" depends-on-methods="com.sample.tests.vendorportal.VendorPortalTest.loginTest" duration-ms="3177" status="PASS">
          <reporter-output>
          </reporter-output>
        </test-method> <!-- dashboardTest -->
        <test-method signature="logoutTest()[pri:0, instance:com.sample.tests.vendorportal.VendorPortalTest@7e5afaa6]" started-at="2023-10-05T11:37:43 IST" name="logoutTest" finished-at="2023-10-05T11:37:44 IST" depends-on-methods="com.sample.tests.vendorportal.VendorPortalTest.dashboardTest" duration-ms="1220" status="PASS">
          <reporter-output>
          </reporter-output>
        </test-method> <!-- logoutTest -->
        <test-method is-config="true" signature="quitDriver()[pri:0, instance:com.sample.tests.vendorportal.VendorPortalTest@7e5afaa6]" started-at="2023-10-05T11:37:44 IST" name="quitDriver" finished-at="2023-10-05T11:37:45 IST" duration-ms="128" status="PASS">
          <reporter-output>
          </reporter-output>
        </test-method> <!-- quitDriver -->
      </class> <!-- com.sample.tests.vendorportal.VendorPortalTest -->
    </test> <!-- user-john -->
  </suite> <!-- vendor-portal -->
</testng-results>
